  compilation object save succeeded; see D:\Users\afl4947\GameGraphicsProgramming\DirectX11_Starter_2015\Debug\PixelShader.cso
  compilation object save succeeded; see D:\Users\afl4947\GameGraphicsProgramming\DirectX11_Starter_2015\Debug\VertexShader.cso
  dxerr.cpp
  Transform.cpp
  SimpleShader.cpp
d:\users\afl4947\gamegraphicsprogramming\directx11_starter_2015\directx11_starter\simpleshader.cpp(262): warning C4018: '>=': signed/unsigned mismatch
d:\users\afl4947\gamegraphicsprogramming\directx11_starter_2015\directx11_starter\simpleshader.cpp(294): warning C4018: '>=': signed/unsigned mismatch
d:\users\afl4947\gamegraphicsprogramming\directx11_starter_2015\directx11_starter\simpleshader.cpp(535): warning C4018: '>=': signed/unsigned mismatch
  Resources.cpp
  Render.cpp
  MyDemoGame.cpp
  Mesh.cpp
  Material.cpp
  Light.cpp
  EntitySystem.cpp
  Entity.cpp
  DrawnMesh.cpp
  DirectXGameCore.cpp
  Component.cpp
  Camera.cpp
  Generating Code...
  LINK : D:\Users\afl4947\GameGraphicsProgramming\DirectX11_Starter_2015\Debug\DirectX11_Starter.exe not found or not built by the last incremental link; performing full link
LINK : fatal error LNK1104: cannot open file 'D:\Users\afl4947\GameGraphicsProgramming\DirectX11_Starter_2015\packages\directxtk_desktop_2015.2015.11.30.1\build\native\../../build/native/lib/Win32/Debug/DirectXTKAudioDX.lib'
