d:\users\afl4947\gamegraphicsprogramming\directx11_starter_2015\directx11_starter\debug\vc140.pdb
d:\users\afl4947\gamegraphicsprogramming\directx11_starter_2015\directx11_starter\debug\vc140.idb
d:\users\afl4947\gamegraphicsprogramming\directx11_starter_2015\directx11_starter\debug\camera.obj
d:\users\afl4947\gamegraphicsprogramming\directx11_starter_2015\directx11_starter\debug\component.obj
d:\users\afl4947\gamegraphicsprogramming\directx11_starter_2015\directx11_starter\debug\drawnmesh.obj
d:\users\afl4947\gamegraphicsprogramming\directx11_starter_2015\directx11_starter\debug\entity.obj
d:\users\afl4947\gamegraphicsprogramming\directx11_starter_2015\directx11_starter\debug\light.obj
d:\users\afl4947\gamegraphicsprogramming\directx11_starter_2015\directx11_starter\debug\material.obj
d:\users\afl4947\gamegraphicsprogramming\directx11_starter_2015\directx11_starter\debug\mesh.obj
d:\users\afl4947\gamegraphicsprogramming\directx11_starter_2015\directx11_starter\debug\mydemogame.obj
d:\users\afl4947\gamegraphicsprogramming\directx11_starter_2015\directx11_starter\debug\dxerr.obj
d:\users\afl4947\gamegraphicsprogramming\directx11_starter_2015\directx11_starter\debug\directxgamecore.obj
d:\users\afl4947\gamegraphicsprogramming\directx11_starter_2015\directx11_starter\debug\render.obj
d:\users\afl4947\gamegraphicsprogramming\directx11_starter_2015\directx11_starter\debug\simpleshader.obj
d:\users\afl4947\gamegraphicsprogramming\directx11_starter_2015\directx11_starter\debug\transform.obj
d:\users\afl4947\gamegraphicsprogramming\directx11_starter_2015\debug\pixelshader.cso
d:\users\afl4947\gamegraphicsprogramming\directx11_starter_2015\debug\vertexshader.cso
d:\users\afl4947\gamegraphicsprogramming\directx11_starter_2015\debug\directx11_starter.pdb
d:\users\afl4947\gamegraphicsprogramming\directx11_starter_2015\directx11_starter\debug\directx1.feb50fc0.tlog\cl.command.1.tlog
d:\users\afl4947\gamegraphicsprogramming\directx11_starter_2015\directx11_starter\debug\directx1.feb50fc0.tlog\cl.read.1.tlog
d:\users\afl4947\gamegraphicsprogramming\directx11_starter_2015\directx11_starter\debug\directx1.feb50fc0.tlog\cl.write.1.tlog
d:\users\afl4947\gamegraphicsprogramming\directx11_starter_2015\directx11_starter\debug\directx1.feb50fc0.tlog\directx11_starter.write.1u.tlog
d:\users\afl4947\gamegraphicsprogramming\directx11_starter_2015\directx11_starter\debug\directx1.feb50fc0.tlog\fxc.command.1.tlog
d:\users\afl4947\gamegraphicsprogramming\directx11_starter_2015\directx11_starter\debug\directx1.feb50fc0.tlog\fxc.read.1.tlog
d:\users\afl4947\gamegraphicsprogramming\directx11_starter_2015\directx11_starter\debug\directx1.feb50fc0.tlog\fxc.write.1.tlog
d:\users\afl4947\gamegraphicsprogramming\directx11_starter_2015\directx11_starter\debug\directx1.feb50fc0.tlog\link.command.1.tlog
d:\users\afl4947\gamegraphicsprogramming\directx11_starter_2015\directx11_starter\debug\directx1.feb50fc0.tlog\link.read.1.tlog
d:\users\afl4947\gamegraphicsprogramming\directx11_starter_2015\directx11_starter\debug\directx1.feb50fc0.tlog\link.write.1.tlog
