d:\users\afl4947\gamegraphicsprogramming\directx11_starter_2015\directx11_starter\release\vc140.pdb
d:\users\afl4947\gamegraphicsprogramming\directx11_starter_2015\directx11_starter\release\transform.obj
d:\users\afl4947\gamegraphicsprogramming\directx11_starter_2015\directx11_starter\release\simpleshader.obj
d:\users\afl4947\gamegraphicsprogramming\directx11_starter_2015\directx11_starter\release\resources.obj
d:\users\afl4947\gamegraphicsprogramming\directx11_starter_2015\directx11_starter\release\render.obj
d:\users\afl4947\gamegraphicsprogramming\directx11_starter_2015\directx11_starter\release\directxgamecore.obj
d:\users\afl4947\gamegraphicsprogramming\directx11_starter_2015\directx11_starter\release\dxerr.obj
d:\users\afl4947\gamegraphicsprogramming\directx11_starter_2015\directx11_starter\release\mydemogame.obj
d:\users\afl4947\gamegraphicsprogramming\directx11_starter_2015\directx11_starter\release\mesh.obj
d:\users\afl4947\gamegraphicsprogramming\directx11_starter_2015\directx11_starter\release\material.obj
d:\users\afl4947\gamegraphicsprogramming\directx11_starter_2015\directx11_starter\release\light.obj
d:\users\afl4947\gamegraphicsprogramming\directx11_starter_2015\directx11_starter\release\entitysystem.obj
d:\users\afl4947\gamegraphicsprogramming\directx11_starter_2015\directx11_starter\release\entity.obj
d:\users\afl4947\gamegraphicsprogramming\directx11_starter_2015\directx11_starter\release\drawnmesh.obj
d:\users\afl4947\gamegraphicsprogramming\directx11_starter_2015\directx11_starter\release\component.obj
d:\users\afl4947\gamegraphicsprogramming\directx11_starter_2015\directx11_starter\release\camera.obj
d:\users\afl4947\gamegraphicsprogramming\directx11_starter_2015\release\pixelshader.cso
d:\users\afl4947\gamegraphicsprogramming\directx11_starter_2015\release\vertexshader.cso
d:\users\afl4947\gamegraphicsprogramming\directx11_starter_2015\directx11_starter\release\directx1.feb50fc0.tlog\cl.command.1.tlog
d:\users\afl4947\gamegraphicsprogramming\directx11_starter_2015\directx11_starter\release\directx1.feb50fc0.tlog\cl.read.1.tlog
d:\users\afl4947\gamegraphicsprogramming\directx11_starter_2015\directx11_starter\release\directx1.feb50fc0.tlog\cl.write.1.tlog
d:\users\afl4947\gamegraphicsprogramming\directx11_starter_2015\directx11_starter\release\directx1.feb50fc0.tlog\directx11_starter.write.1u.tlog
d:\users\afl4947\gamegraphicsprogramming\directx11_starter_2015\directx11_starter\release\directx1.feb50fc0.tlog\fxc.command.1.tlog
d:\users\afl4947\gamegraphicsprogramming\directx11_starter_2015\directx11_starter\release\directx1.feb50fc0.tlog\fxc.read.1.tlog
d:\users\afl4947\gamegraphicsprogramming\directx11_starter_2015\directx11_starter\release\directx1.feb50fc0.tlog\fxc.write.1.tlog
d:\users\afl4947\gamegraphicsprogramming\directx11_starter_2015\directx11_starter\release\directx1.feb50fc0.tlog\link.command.1.tlog
d:\users\afl4947\gamegraphicsprogramming\directx11_starter_2015\directx11_starter\release\directx1.feb50fc0.tlog\link.read.1.tlog
d:\users\afl4947\gamegraphicsprogramming\directx11_starter_2015\directx11_starter\release\directx1.feb50fc0.tlog\link.write.1.tlog
